0 info it worked if it ends with ok
1 verbose cli [ 'c:\\Program Files (x86)\\nodejs\\node.exe',
1 verbose cli   'c:\\Program Files (x86)\\nodejs\\node_modules\\npm\\bin\\npm-cli.js',
1 verbose cli   'install',
1 verbose cli   'https://github.com/dcneiner/Downloadify.git',
1 verbose cli   '--save' ]
2 info using npm@1.4.28
3 info using node@v0.10.33
4 verbose readDependencies using package.json deps
5 verbose cache add [ 'https://github.com/dcneiner/Downloadify.git', null ]
6 verbose cache add name=undefined spec="https://github.com/dcneiner/Downloadify.git" args=["https://github.com/dcneiner/Downloadify.git",null]
7 verbose parsed url { protocol: 'https:',
7 verbose parsed url   slashes: true,
7 verbose parsed url   auth: null,
7 verbose parsed url   host: 'github.com',
7 verbose parsed url   port: null,
7 verbose parsed url   hostname: 'github.com',
7 verbose parsed url   hash: null,
7 verbose parsed url   search: null,
7 verbose parsed url   query: null,
7 verbose parsed url   pathname: '/dcneiner/Downloadify.git',
7 verbose parsed url   path: '/dcneiner/Downloadify.git',
7 verbose parsed url   href: 'https://github.com/dcneiner/Downloadify.git' }
8 silly lockFile 2d724ca1-hub-com-dcneiner-Downloadify-git https://github.com/dcneiner/Downloadify.git
9 verbose lock https://github.com/dcneiner/Downloadify.git C:\Users\wesley\AppData\Roaming\npm-cache\2d724ca1-hub-com-dcneiner-Downloadify-git.lock
10 verbose addRemoteTarball [ 'https://github.com/dcneiner/Downloadify.git', null ]
11 info retry fetch attempt 1 at 07:37:32
12 verbose fetch to= C:\Users\wesley\AppData\Local\Temp\npm-3180-nTttF7Zi\github.com\dcneiner\Downloadify.git
13 http GET https://github.com/dcneiner/Downloadify.git
14 http 200 https://github.com/dcneiner/Downloadify.git
15 verbose tar unpack C:\Users\wesley\AppData\Local\Temp\npm-3180-nTttF7Zi\github.com\dcneiner\Downloadify.git
16 silly lockFile fceaa02f--dcneiner-Downloadify-git-unpack tar://C:\Users\wesley\AppData\Local\Temp\npm-3180-nTttF7Zi\github.com\dcneiner\Downloadify.git-unpack
17 verbose lock tar://C:\Users\wesley\AppData\Local\Temp\npm-3180-nTttF7Zi\github.com\dcneiner\Downloadify.git-unpack C:\Users\wesley\AppData\Roaming\npm-cache\fceaa02f--dcneiner-Downloadify-git-unpack.lock
18 silly lockFile 40681b2e-hub-com-dcneiner-Downloadify-git tar://C:\Users\wesley\AppData\Local\Temp\npm-3180-nTttF7Zi\github.com\dcneiner\Downloadify.git
19 verbose lock tar://C:\Users\wesley\AppData\Local\Temp\npm-3180-nTttF7Zi\github.com\dcneiner\Downloadify.git C:\Users\wesley\AppData\Roaming\npm-cache\40681b2e-hub-com-dcneiner-Downloadify-git.lock
20 silly gunzTarPerm modes [ '777', '666' ]
21 error not a package C:\Users\wesley\AppData\Local\Temp\npm-3180-nTttF7Zi\github.com\dcneiner\Downloadify.git
22 silly lockFile fceaa02f--dcneiner-Downloadify-git-unpack tar://C:\Users\wesley\AppData\Local\Temp\npm-3180-nTttF7Zi\github.com\dcneiner\Downloadify.git-unpack
23 silly lockFile fceaa02f--dcneiner-Downloadify-git-unpack tar://C:\Users\wesley\AppData\Local\Temp\npm-3180-nTttF7Zi\github.com\dcneiner\Downloadify.git-unpack
24 silly lockFile 40681b2e-hub-com-dcneiner-Downloadify-git tar://C:\Users\wesley\AppData\Local\Temp\npm-3180-nTttF7Zi\github.com\dcneiner\Downloadify.git
25 silly lockFile 40681b2e-hub-com-dcneiner-Downloadify-git tar://C:\Users\wesley\AppData\Local\Temp\npm-3180-nTttF7Zi\github.com\dcneiner\Downloadify.git
26 silly lockFile 2d724ca1-hub-com-dcneiner-Downloadify-git https://github.com/dcneiner/Downloadify.git
27 silly lockFile 2d724ca1-hub-com-dcneiner-Downloadify-git https://github.com/dcneiner/Downloadify.git
28 error Error: ENOENT, open 'C:\Users\wesley\AppData\Local\Temp\npm-3180-nTttF7Zi\github.com\dcneiner\Downloadify.git-unpack\package.json'
29 error If you need help, you may report this *entire* log,
29 error including the npm and node versions, at:
29 error     <http://github.com/npm/npm/issues>
30 error System Windows_NT 6.2.9200
31 error command "c:\\Program Files (x86)\\nodejs\\node.exe" "c:\\Program Files (x86)\\nodejs\\node_modules\\npm\\bin\\npm-cli.js" "install" "https://github.com/dcneiner/Downloadify.git" "--save"
32 error cwd c:\Standard Bank Code\Components
33 error node -v v0.10.33
34 error npm -v 1.4.28
35 error path C:\Users\wesley\AppData\Local\Temp\npm-3180-nTttF7Zi\github.com\dcneiner\Downloadify.git-unpack\package.json
36 error code ENOENT
37 error errno 34
38 verbose exit [ 34, true ]
